[debug] [2026-07-05T12:46:43.297Z] ----------------------------------------------------------------------
[debug] [2026-07-05T12:46:43.302Z] Command:       /opt/homebrew/Cellar/node/24.8.0/bin/node /Users/asad/.npm-global/bin/firebase projects:list
[debug] [2026-07-05T12:46:43.302Z] CLI Version:   15.11.0
[debug] [2026-07-05T12:46:43.302Z] Platform:      darwin
[debug] [2026-07-05T12:46:43.302Z] Node Version:  v24.8.0
[debug] [2026-07-05T12:46:43.302Z] Time:          Sun Jul 05 2026 18:16:43 GMT+0530 (India Standard Time)
[debug] [2026-07-05T12:46:43.302Z] ----------------------------------------------------------------------
[debug] 
[debug] [2026-07-05T12:46:43.303Z] >>> [apiv2][query] GET https://firebase-public.firebaseio.com/cli.json [none]
[debug] [2026-07-05T12:46:43.329Z] > command requires scopes: ["email","openid","https://www.googleapis.com/auth/cloudplatformprojects.readonly","https://www.googleapis.com/auth/firebase","https://www.googleapis.com/auth/cloud-platform"]
[debug] [2026-07-05T12:46:43.329Z] > authorizing via signed-in user (asadworkspace0@gmail.com)
[debug] [2026-07-05T12:46:43.330Z] Checked if tokens are valid: false, expires at: 1774037880569
[debug] [2026-07-05T12:46:43.330Z] Checked if tokens are valid: false, expires at: 1774037880569
[debug] [2026-07-05T12:46:43.330Z] > refreshing access token with scopes: []
[debug] [2026-07-05T12:46:43.331Z] >>> [apiv2][query] POST https://www.googleapis.com/oauth2/v3/token [none]
[debug] [2026-07-05T12:46:43.331Z] >>> [apiv2][body] POST https://www.googleapis.com/oauth2/v3/token [omitted]
[debug] [2026-07-05T12:46:43.635Z] <<< [apiv2][status] POST https://www.googleapis.com/oauth2/v3/token 400
[debug] [2026-07-05T12:46:43.635Z] <<< [apiv2][body] POST https://www.googleapis.com/oauth2/v3/token [omitted]
[debug] [2026-07-05T12:46:43.635Z] >>> [apiv2][query] GET https://firebase.googleapis.com/v1beta1/projects pageSize=1000
[debug] [2026-07-05T12:46:44.092Z] <<< [apiv2][status] GET https://firebase-public.firebaseio.com/cli.json 200
[debug] [2026-07-05T12:46:44.092Z] <<< [apiv2][body] GET https://firebase-public.firebaseio.com/cli.json {"cloudBuildErrorAfter":1594252800000,"cloudBuildWarnAfter":1590019200000,"defaultNode10After":1594252800000,"minVersion":"3.0.5","node8DeploysDisabledAfter":1613390400000,"node8RuntimeDisabledAfter":1615809600000,"node8WarnAfter":1600128000000}
[debug] [2026-07-05T12:46:44.638Z] <<< [apiv2][status] GET https://firebase.googleapis.com/v1beta1/projects 401
[debug] [2026-07-05T12:46:44.638Z] <<< [apiv2][body] GET https://firebase.googleapis.com/v1beta1/projects [omitted]
[debug] [2026-07-05T12:46:44.638Z] Got a 401 Unauthenticated error for a call that required authentication. Refreshing tokens.
[debug] [2026-07-05T12:46:44.638Z] Checked if tokens are valid: false, expires at: 1774037880569
[debug] [2026-07-05T12:46:44.639Z] Checked if tokens are valid: false, expires at: 1774037880569
[debug] [2026-07-05T12:46:44.639Z] > refreshing access token with scopes: []
[debug] [2026-07-05T12:46:44.639Z] >>> [apiv2][query] POST https://www.googleapis.com/oauth2/v3/token [none]
[debug] [2026-07-05T12:46:44.639Z] >>> [apiv2][body] POST https://www.googleapis.com/oauth2/v3/token [omitted]
[debug] [2026-07-05T12:46:44.730Z] <<< [apiv2][status] POST https://www.googleapis.com/oauth2/v3/token 400
[debug] [2026-07-05T12:46:44.730Z] <<< [apiv2][body] POST https://www.googleapis.com/oauth2/v3/token [omitted]
[debug] [2026-07-05T12:46:44.732Z] Request to https://firebase.googleapis.com/v1beta1/projects?pageSize=1000 had HTTP Error: 401, Request had invalid authentication credentials. Expected OAuth 2 access token, login cookie or other valid authentication credential. See https://developers.google.com/identity/sign-in/web/devconsole-project.
[debug] [2026-07-05T12:46:44.983Z] FirebaseError: Request to https://firebase.googleapis.com/v1beta1/projects?pageSize=1000 had HTTP Error: 401, Request had invalid authentication credentials. Expected OAuth 2 access token, login cookie or other valid authentication credential. See https://developers.google.com/identity/sign-in/web/devconsole-project.
    at responseToError (/Users/asad/.npm-global/lib/node_modules/firebase-tools/lib/responseToError.js:53:12)
    at RetryOperation._fn (/Users/asad/.npm-global/lib/node_modules/firebase-tools/lib/apiv2.js:333:77)
    at process.processTicksAndRejections (node:internal/process/task_queues:105:5)
[error] 
[error] Error: Failed to list Firebase projects. See firebase-debug.log for more info.
